2022-07-01 14:41:24,029 [localhost-startStop-1] ERROR StackTrace  - Full Stack Trace:
groovy.lang.MissingMethodException: No signature of method: java.util.LinkedHashMap.isSet() is applicable for argument types: (java.lang.String) values: [port]
Possible solutions: size(), size(), keySet(), keySet(), keySet(), sort()
	at org.codehaus.groovy.runtime.ScriptBytecodeAdapter.unwrap(ScriptBytecodeAdapter.java:58)
	at org.codehaus.groovy.runtime.callsite.PojoMetaClassSite.call(PojoMetaClassSite.java:49)
	at org.codehaus.groovy.runtime.callsite.CallSiteArray.defaultCall(CallSiteArray.java:48)
	at org.codehaus.groovy.runtime.callsite.AbstractCallSite.call(AbstractCallSite.java:113)
	at org.codehaus.groovy.runtime.callsite.AbstractCallSite.call(AbstractCallSite.java:125)
	at grails.plugin.redis.util.RedisConfigurationUtil$__clinit__closure2.doCall(RedisConfigurationUtil.groovy:39)
	at grails.plugin.redis.util.RedisConfigurationUtil$__clinit__closure2$doCall.call(Unknown Source)
	at org.codehaus.groovy.runtime.callsite.CallSiteArray.defaultCall(CallSiteArray.java:48)
	at org.codehaus.groovy.runtime.callsite.AbstractCallSite.call(AbstractCallSite.java:113)
	at org.codehaus.groovy.runtime.callsite.AbstractCallSite.call(AbstractCallSite.java:141)
	at RedisGrailsPlugin$_closure1.doCall(RedisGrailsPlugin.groovy:67)
	at RedisGrailsPlugin$_closure1.doCall(RedisGrailsPlugin.groovy)
	at sun.reflect.NativeMethodAccessorImpl.invoke0(Native Method)
	at sun.reflect.NativeMethodAccessorImpl.invoke(NativeMethodAccessorImpl.java:62)
	at sun.reflect.DelegatingMethodAccessorImpl.invoke(DelegatingMethodAccessorImpl.java:43)
	at java.lang.reflect.Method.invoke(Method.java:498)
	at org.codehaus.groovy.reflection.CachedMethod.invoke(CachedMethod.java:93)
	at groovy.lang.MetaMethod.doMethodInvoke(MetaMethod.java:325)
	at groovy.lang.MetaClassImpl.invokeMethod(MetaClassImpl.java:1218)
	at groovy.lang.ExpandoMetaClass.invokeMethod(ExpandoMetaClass.java:1125)
	at groovy.lang.MetaClassImpl.invokeMethod(MetaClassImpl.java:1027)
	at groovy.lang.Closure.call(Closure.java:414)
	at groovy.lang.Closure.call(Closure.java:408)
	at grails.spring.BeanBuilder.invokeBeanDefiningClosure(BeanBuilder.java:754)
	at grails.spring.BeanBuilder.beans(BeanBuilder.java:584)
	at grails.spring.BeanBuilder.invokeMethod(BeanBuilder.java:527)
	at org.codehaus.groovy.grails.plugins.DefaultGrailsPlugin.doWithRuntimeConfiguration(DefaultGrailsPlugin.java:511)
	at org.codehaus.groovy.grails.plugins.AbstractGrailsPluginManager.doRuntimeConfiguration(AbstractGrailsPluginManager.java:123)
	at org.codehaus.groovy.grails.commons.spring.GrailsRuntimeConfigurator.configure(GrailsRuntimeConfigurator.java:154)
	at org.codehaus.groovy.grails.commons.spring.GrailsRuntimeConfigurator.configure(GrailsRuntimeConfigurator.java:127)
	at org.codehaus.groovy.grails.web.context.GrailsConfigUtils.configureWebApplicationContext(GrailsConfigUtils.java:126)
	at org.codehaus.groovy.grails.web.context.GrailsContextLoaderListener.initWebApplicationContext(GrailsContextLoaderListener.java:109)
	at org.springframework.web.context.ContextLoaderListener.contextInitialized(ContextLoaderListener.java:106)
	at org.apache.catalina.core.StandardContext.listenerStart(StandardContext.java:4811)
	at org.apache.catalina.core.StandardContext.startInternal(StandardContext.java:5251)
	at org.apache.catalina.util.LifecycleBase.start(LifecycleBase.java:147)
	at org.apache.catalina.core.ContainerBase$StartChild.call(ContainerBase.java:1408)
	at org.apache.catalina.core.ContainerBase$StartChild.call(ContainerBase.java:1398)
	at java.util.concurrent.FutureTask.run(FutureTask.java:266)
	at java.util.concurrent.ThreadPoolExecutor.runWorker(ThreadPoolExecutor.java:1149)
	at java.util.concurrent.ThreadPoolExecutor$Worker.run(ThreadPoolExecutor.java:624)
	at java.lang.Thread.run(Thread.java:750)
2022-07-01 14:41:24,033 [localhost-startStop-1] ERROR StackTrace  - Full Stack Trace:
groovy.lang.MissingMethodException: No signature of method: java.util.LinkedHashMap.isSet() is applicable for argument types: (java.lang.String) values: [port]
Possible solutions: size(), size(), keySet(), keySet(), keySet(), sort()
	at grails.plugin.redis.util.RedisConfigurationUtil$__clinit__closure2.doCall(RedisConfigurationUtil.groovy:39)
	at RedisGrailsPlugin$_closure1.doCall(RedisGrailsPlugin.groovy:67)
	at grails.spring.BeanBuilder.invokeBeanDefiningClosure(BeanBuilder.java:754)
	at grails.spring.BeanBuilder.beans(BeanBuilder.java:584)
	at grails.spring.BeanBuilder.invokeMethod(BeanBuilder.java:527)
	at java.util.concurrent.FutureTask.run(FutureTask.java:266)
	at java.util.concurrent.ThreadPoolExecutor.runWorker(ThreadPoolExecutor.java:1149)
	at java.util.concurrent.ThreadPoolExecutor$Worker.run(ThreadPoolExecutor.java:624)
	at java.lang.Thread.run(Thread.java:750)
2022-07-01 14:41:24,037 [localhost-startStop-1] ERROR StackTrace  - Full Stack Trace:
groovy.lang.MissingMethodException: No signature of method: java.util.LinkedHashMap.isSet() is applicable for argument types: (java.lang.String) values: [port]
Possible solutions: size(), size(), keySet(), keySet(), keySet(), sort()
	at grails.plugin.redis.util.RedisConfigurationUtil$__clinit__closure2.doCall(RedisConfigurationUtil.groovy:39)
	at RedisGrailsPlugin$_closure1.doCall(RedisGrailsPlugin.groovy:67)
	at grails.spring.BeanBuilder.invokeBeanDefiningClosure(BeanBuilder.java:754)
	at grails.spring.BeanBuilder.beans(BeanBuilder.java:584)
	at grails.spring.BeanBuilder.invokeMethod(BeanBuilder.java:527)
	at java.util.concurrent.FutureTask.run(FutureTask.java:266)
	at java.util.concurrent.ThreadPoolExecutor.runWorker(ThreadPoolExecutor.java:1149)
	at java.util.concurrent.ThreadPoolExecutor$Worker.run(ThreadPoolExecutor.java:624)
	at java.lang.Thread.run(Thread.java:750)
2022-07-01 14:41:24,038 [localhost-startStop-1] ERROR StackTrace  - Full Stack Trace:
groovy.lang.MissingMethodException: No signature of method: java.util.LinkedHashMap.isSet() is applicable for argument types: (java.lang.String) values: [port]
Possible solutions: size(), size(), keySet(), keySet(), keySet(), sort()
	at grails.plugin.redis.util.RedisConfigurationUtil$__clinit__closure2.doCall(RedisConfigurationUtil.groovy:39)
	at RedisGrailsPlugin$_closure1.doCall(RedisGrailsPlugin.groovy:67)
	at grails.spring.BeanBuilder.invokeBeanDefiningClosure(BeanBuilder.java:754)
	at grails.spring.BeanBuilder.beans(BeanBuilder.java:584)
	at grails.spring.BeanBuilder.invokeMethod(BeanBuilder.java:527)
	at java.util.concurrent.FutureTask.run(FutureTask.java:266)
	at java.util.concurrent.ThreadPoolExecutor.runWorker(ThreadPoolExecutor.java:1149)
	at java.util.concurrent.ThreadPoolExecutor$Worker.run(ThreadPoolExecutor.java:624)
	at java.lang.Thread.run(Thread.java:750)
2022-07-01 14:41:24,039 [localhost-startStop-1] ERROR StackTrace  - Full Stack Trace:
groovy.lang.MissingMethodException: No signature of method: java.util.LinkedHashMap.isSet() is applicable for argument types: (java.lang.String) values: [port]
Possible solutions: size(), size(), keySet(), keySet(), keySet(), sort()
	at grails.plugin.redis.util.RedisConfigurationUtil$__clinit__closure2.doCall(RedisConfigurationUtil.groovy:39)
	at RedisGrailsPlugin$_closure1.doCall(RedisGrailsPlugin.groovy:67)
	at grails.spring.BeanBuilder.invokeBeanDefiningClosure(BeanBuilder.java:754)
	at grails.spring.BeanBuilder.beans(BeanBuilder.java:584)
	at grails.spring.BeanBuilder.invokeMethod(BeanBuilder.java:527)
	at java.util.concurrent.FutureTask.run(FutureTask.java:266)
	at java.util.concurrent.ThreadPoolExecutor.runWorker(ThreadPoolExecutor.java:1149)
	at java.util.concurrent.ThreadPoolExecutor$Worker.run(ThreadPoolExecutor.java:624)
	at java.lang.Thread.run(Thread.java:750)
2022-07-01 14:41:24,040 [localhost-startStop-1] ERROR StackTrace  - Full Stack Trace:
groovy.lang.MissingMethodException: No signature of method: java.util.LinkedHashMap.isSet() is applicable for argument types: (java.lang.String) values: [port]
Possible solutions: size(), size(), keySet(), keySet(), keySet(), sort()
	at grails.plugin.redis.util.RedisConfigurationUtil$__clinit__closure2.doCall(RedisConfigurationUtil.groovy:39)
	at RedisGrailsPlugin$_closure1.doCall(RedisGrailsPlugin.groovy:67)
	at grails.spring.BeanBuilder.invokeBeanDefiningClosure(BeanBuilder.java:754)
	at grails.spring.BeanBuilder.beans(BeanBuilder.java:584)
	at grails.spring.BeanBuilder.invokeMethod(BeanBuilder.java:527)
	at java.util.concurrent.FutureTask.run(FutureTask.java:266)
	at java.util.concurrent.ThreadPoolExecutor.runWorker(ThreadPoolExecutor.java:1149)
	at java.util.concurrent.ThreadPoolExecutor$Worker.run(ThreadPoolExecutor.java:624)
	at java.lang.Thread.run(Thread.java:750)
